<?xml version="1.0" encoding="UTF-8"?>
<testsuite xmlns:xsi="http://www.w3.org/2001/XMLSchema-instance" xsi:noNamespaceSchemaLocation="https://maven.apache.org/surefire/maven-surefire-plugin/xsd/surefire-test-report.xsd" name="com.example.springboot.SpringbootApplicationTests" time="5.269" tests="1" errors="0" skipped="0" failures="0">
  <properties>
    <property name="java.specification.version" value="17"/>
    <property name="sun.cpu.isalist" value="amd64"/>
    <property name="sun.jnu.encoding" value="GBK"/>
    <property name="java.class.path" value="D:\JavaDemo\Library\springboot\target\test-classes;D:\JavaDemo\Library\springboot\target\classes;E:\maven\maven_repository\org\springframework\boot\spring-boot-starter-web\3.0.0\spring-boot-starter-web-3.0.0.jar;E:\maven\maven_repository\org\springframework\boot\spring-boot-starter\3.0.0\spring-boot-starter-3.0.0.jar;E:\maven\maven_repository\org\springframework\boot\spring-boot\3.0.0\spring-boot-3.0.0.jar;E:\maven\maven_repository\org\springframework\boot\spring-boot-autoconfigure\3.0.0\spring-boot-autoconfigure-3.0.0.jar;E:\maven\maven_repository\org\springframework\boot\spring-boot-starter-logging\3.0.0\spring-boot-starter-logging-3.0.0.jar;E:\maven\maven_repository\ch\qos\logback\logback-classic\1.4.5\logback-classic-1.4.5.jar;E:\maven\maven_repository\ch\qos\logback\logback-core\1.4.5\logback-core-1.4.5.jar;E:\maven\maven_repository\org\apache\logging\log4j\log4j-to-slf4j\2.19.0\log4j-to-slf4j-2.19.0.jar;E:\maven\maven_repository\org\apache\logging\log4j\log4j-api\2.19.0\log4j-api-2.19.0.jar;E:\maven\maven_repository\org\slf4j\jul-to-slf4j\2.0.4\jul-to-slf4j-2.0.4.jar;E:\maven\maven_repository\jakarta\annotation\jakarta.annotation-api\2.1.1\jakarta.annotation-api-2.1.1.jar;E:\maven\maven_repository\org\yaml\snakeyaml\1.33\snakeyaml-1.33.jar;E:\maven\maven_repository\org\springframework\boot\spring-boot-starter-json\3.0.0\spring-boot-starter-json-3.0.0.jar;E:\maven\maven_repository\com\fasterxml\jackson\core\jackson-databind\2.14.1\jackson-databind-2.14.1.jar;E:\maven\maven_repository\com\fasterxml\jackson\core\jackson-annotations\2.14.1\jackson-annotations-2.14.1.jar;E:\maven\maven_repository\com\fasterxml\jackson\core\jackson-core\2.14.1\jackson-core-2.14.1.jar;E:\maven\maven_repository\com\fasterxml\jackson\datatype\jackson-datatype-jdk8\2.14.1\jackson-datatype-jdk8-2.14.1.jar;E:\maven\maven_repository\com\fasterxml\jackson\datatype\jackson-datatype-jsr310\2.14.1\jackson-datatype-jsr310-2.14.1.jar;E:\maven\maven_repository\com\fasterxml\jackson\module\jackson-module-parameter-names\2.14.1\jackson-module-parameter-names-2.14.1.jar;E:\maven\maven_repository\org\springframework\boot\spring-boot-starter-tomcat\3.0.0\spring-boot-starter-tomcat-3.0.0.jar;E:\maven\maven_repository\org\apache\tomcat\embed\tomcat-embed-core\10.1.1\tomcat-embed-core-10.1.1.jar;E:\maven\maven_repository\org\apache\tomcat\embed\tomcat-embed-el\10.1.1\tomcat-embed-el-10.1.1.jar;E:\maven\maven_repository\org\apache\tomcat\embed\tomcat-embed-websocket\10.1.1\tomcat-embed-websocket-10.1.1.jar;E:\maven\maven_repository\org\springframework\spring-web\6.0.2\spring-web-6.0.2.jar;E:\maven\maven_repository\org\springframework\spring-beans\6.0.2\spring-beans-6.0.2.jar;E:\maven\maven_repository\io\micrometer\micrometer-observation\1.10.2\micrometer-observation-1.10.2.jar;E:\maven\maven_repository\io\micrometer\micrometer-commons\1.10.2\micrometer-commons-1.10.2.jar;E:\maven\maven_repository\org\springframework\spring-webmvc\6.0.2\spring-webmvc-6.0.2.jar;E:\maven\maven_repository\org\springframework\spring-aop\6.0.2\spring-aop-6.0.2.jar;E:\maven\maven_repository\org\springframework\spring-context\6.0.2\spring-context-6.0.2.jar;E:\maven\maven_repository\org\springframework\spring-expression\6.0.2\spring-expression-6.0.2.jar;E:\maven\maven_repository\org\mybatis\spring\boot\mybatis-spring-boot-starter\3.0.0\mybatis-spring-boot-starter-3.0.0.jar;E:\maven\maven_repository\org\springframework\boot\spring-boot-starter-jdbc\3.0.0\spring-boot-starter-jdbc-3.0.0.jar;E:\maven\maven_repository\com\zaxxer\HikariCP\5.0.1\HikariCP-5.0.1.jar;E:\maven\maven_repository\org\springframework\spring-jdbc\6.0.2\spring-jdbc-6.0.2.jar;E:\maven\maven_repository\org\springframework\spring-tx\6.0.2\spring-tx-6.0.2.jar;E:\maven\maven_repository\org\mybatis\spring\boot\mybatis-spring-boot-autoconfigure\3.0.0\mybatis-spring-boot-autoconfigure-3.0.0.jar;E:\maven\maven_repository\org\mybatis\mybatis\3.5.11\mybatis-3.5.11.jar;E:\maven\maven_repository\org\mybatis\mybatis-spring\3.0.0\mybatis-spring-3.0.0.jar;E:\maven\maven_repository\com\mysql\mysql-connector-j\8.0.31\mysql-connector-j-8.0.31.jar;E:\maven\maven_repository\org\projectlombok\lombok\1.18.24\lombok-1.18.24.jar;E:\maven\maven_repository\cn\hutool\hutool-all\5.8.0\hutool-all-5.8.0.jar;E:\maven\maven_repository\com\github\pagehelper\pagehelper-spring-boot-starter\1.4.6\pagehelper-spring-boot-starter-1.4.6.jar;E:\maven\maven_repository\com\github\pagehelper\pagehelper-spring-boot-autoconfigure\1.4.6\pagehelper-spring-boot-autoconfigure-1.4.6.jar;E:\maven\maven_repository\com\github\pagehelper\pagehelper\5.3.2\pagehelper-5.3.2.jar;E:\maven\maven_repository\com\github\jsqlparser\jsqlparser\4.5\jsqlparser-4.5.jar;E:\maven\maven_repository\org\springframework\boot\spring-boot-starter-test\3.0.0\spring-boot-starter-test-3.0.0.jar;E:\maven\maven_repository\org\springframework\boot\spring-boot-test\3.0.0\spring-boot-test-3.0.0.jar;E:\maven\maven_repository\org\springframework\boot\spring-boot-test-autoconfigure\3.0.0\spring-boot-test-autoconfigure-3.0.0.jar;E:\maven\maven_repository\com\jayway\jsonpath\json-path\2.7.0\json-path-2.7.0.jar;E:\maven\maven_repository\net\minidev\json-smart\2.4.8\json-smart-2.4.8.jar;E:\maven\maven_repository\net\minidev\accessors-smart\2.4.8\accessors-smart-2.4.8.jar;E:\maven\maven_repository\org\ow2\asm\asm\9.1\asm-9.1.jar;E:\maven\maven_repository\org\slf4j\slf4j-api\2.0.4\slf4j-api-2.0.4.jar;E:\maven\maven_repository\jakarta\xml\bind\jakarta.xml.bind-api\4.0.0\jakarta.xml.bind-api-4.0.0.jar;E:\maven\maven_repository\jakarta\activation\jakarta.activation-api\2.1.0\jakarta.activation-api-2.1.0.jar;E:\maven\maven_repository\org\assertj\assertj-core\3.23.1\assertj-core-3.23.1.jar;E:\maven\maven_repository\net\bytebuddy\byte-buddy\1.12.19\byte-buddy-1.12.19.jar;E:\maven\maven_repository\org\hamcrest\hamcrest\2.2\hamcrest-2.2.jar;E:\maven\maven_repository\org\junit\jupiter\junit-jupiter\5.9.1\junit-jupiter-5.9.1.jar;E:\maven\maven_repository\org\junit\jupiter\junit-jupiter-api\5.9.1\junit-jupiter-api-5.9.1.jar;E:\maven\maven_repository\org\opentest4j\opentest4j\1.2.0\opentest4j-1.2.0.jar;E:\maven\maven_repository\org\junit\platform\junit-platform-commons\1.9.1\junit-platform-commons-1.9.1.jar;E:\maven\maven_repository\org\apiguardian\apiguardian-api\1.1.2\apiguardian-api-1.1.2.jar;E:\maven\maven_repository\org\junit\jupiter\junit-jupiter-params\5.9.1\junit-jupiter-params-5.9.1.jar;E:\maven\maven_repository\org\junit\jupiter\junit-jupiter-engine\5.9.1\junit-jupiter-engine-5.9.1.jar;E:\maven\maven_repository\org\junit\platform\junit-platform-engine\1.9.1\junit-platform-engine-1.9.1.jar;E:\maven\maven_repository\org\mockito\mockito-core\4.8.1\mockito-core-4.8.1.jar;E:\maven\maven_repository\net\bytebuddy\byte-buddy-agent\1.12.19\byte-buddy-agent-1.12.19.jar;E:\maven\maven_repository\org\objenesis\objenesis\3.2\objenesis-3.2.jar;E:\maven\maven_repository\org\mockito\mockito-junit-jupiter\4.8.1\mockito-junit-jupiter-4.8.1.jar;E:\maven\maven_repository\org\skyscreamer\jsonassert\1.5.1\jsonassert-1.5.1.jar;E:\maven\maven_repository\com\vaadin\external\google\android-json\0.0.20131108.vaadin1\android-json-0.0.20131108.vaadin1.jar;E:\maven\maven_repository\org\springframework\spring-core\6.0.2\spring-core-6.0.2.jar;E:\maven\maven_repository\org\springframework\spring-jcl\6.0.2\spring-jcl-6.0.2.jar;E:\maven\maven_repository\org\springframework\spring-test\6.0.2\spring-test-6.0.2.jar;E:\maven\maven_repository\org\xmlunit\xmlunit-core\2.9.0\xmlunit-core-2.9.0.jar;"/>
    <property name="java.vm.vendor" value="Oracle Corporation"/>
    <property name="sun.arch.data.model" value="64"/>
    <property name="user.variant" value=""/>
    <property name="java.vendor.url" value="https://java.oracle.com/"/>
    <property name="user.timezone" value="Asia/Shanghai"/>
    <property name="os.name" value="Windows 11"/>
    <property name="java.vm.specification.version" value="17"/>
    <property name="sun.java.launcher" value="SUN_STANDARD"/>
    <property name="user.country" value="CN"/>
    <property name="sun.boot.library.path" value="D:\Software\JDK17\bin"/>
    <property name="sun.java.command" value="C:\Users\仇李航\AppData\Local\Temp\surefire17553366134621556366\surefirebooter13274406157701245890.jar C:\Users\仇李航\AppData\Local\Temp\surefire17553366134621556366 2022-12-05T19-42-36_953-jvmRun1 surefire5744997070555324112tmp surefire_014848008894381843810tmp"/>
    <property name="jdk.debug" value="release"/>
    <property name="surefire.test.class.path" value="D:\JavaDemo\Library\springboot\target\test-classes;D:\JavaDemo\Library\springboot\target\classes;E:\maven\maven_repository\org\springframework\boot\spring-boot-starter-web\3.0.0\spring-boot-starter-web-3.0.0.jar;E:\maven\maven_repository\org\springframework\boot\spring-boot-starter\3.0.0\spring-boot-starter-3.0.0.jar;E:\maven\maven_repository\org\springframework\boot\spring-boot\3.0.0\spring-boot-3.0.0.jar;E:\maven\maven_repository\org\springframework\boot\spring-boot-autoconfigure\3.0.0\spring-boot-autoconfigure-3.0.0.jar;E:\maven\maven_repository\org\springframework\boot\spring-boot-starter-logging\3.0.0\spring-boot-starter-logging-3.0.0.jar;E:\maven\maven_repository\ch\qos\logback\logback-classic\1.4.5\logback-classic-1.4.5.jar;E:\maven\maven_repository\ch\qos\logback\logback-core\1.4.5\logback-core-1.4.5.jar;E:\maven\maven_repository\org\apache\logging\log4j\log4j-to-slf4j\2.19.0\log4j-to-slf4j-2.19.0.jar;E:\maven\maven_repository\org\apache\logging\log4j\log4j-api\2.19.0\log4j-api-2.19.0.jar;E:\maven\maven_repository\org\slf4j\jul-to-slf4j\2.0.4\jul-to-slf4j-2.0.4.jar;E:\maven\maven_repository\jakarta\annotation\jakarta.annotation-api\2.1.1\jakarta.annotation-api-2.1.1.jar;E:\maven\maven_repository\org\yaml\snakeyaml\1.33\snakeyaml-1.33.jar;E:\maven\maven_repository\org\springframework\boot\spring-boot-starter-json\3.0.0\spring-boot-starter-json-3.0.0.jar;E:\maven\maven_repository\com\fasterxml\jackson\core\jackson-databind\2.14.1\jackson-databind-2.14.1.jar;E:\maven\maven_repository\com\fasterxml\jackson\core\jackson-annotations\2.14.1\jackson-annotations-2.14.1.jar;E:\maven\maven_repository\com\fasterxml\jackson\core\jackson-core\2.14.1\jackson-core-2.14.1.jar;E:\maven\maven_repository\com\fasterxml\jackson\datatype\jackson-datatype-jdk8\2.14.1\jackson-datatype-jdk8-2.14.1.jar;E:\maven\maven_repository\com\fasterxml\jackson\datatype\jackson-datatype-jsr310\2.14.1\jackson-datatype-jsr310-2.14.1.jar;E:\maven\maven_repository\com\fasterxml\jackson\module\jackson-module-parameter-names\2.14.1\jackson-module-parameter-names-2.14.1.jar;E:\maven\maven_repository\org\springframework\boot\spring-boot-starter-tomcat\3.0.0\spring-boot-starter-tomcat-3.0.0.jar;E:\maven\maven_repository\org\apache\tomcat\embed\tomcat-embed-core\10.1.1\tomcat-embed-core-10.1.1.jar;E:\maven\maven_repository\org\apache\tomcat\embed\tomcat-embed-el\10.1.1\tomcat-embed-el-10.1.1.jar;E:\maven\maven_repository\org\apache\tomcat\embed\tomcat-embed-websocket\10.1.1\tomcat-embed-websocket-10.1.1.jar;E:\maven\maven_repository\org\springframework\spring-web\6.0.2\spring-web-6.0.2.jar;E:\maven\maven_repository\org\springframework\spring-beans\6.0.2\spring-beans-6.0.2.jar;E:\maven\maven_repository\io\micrometer\micrometer-observation\1.10.2\micrometer-observation-1.10.2.jar;E:\maven\maven_repository\io\micrometer\micrometer-commons\1.10.2\micrometer-commons-1.10.2.jar;E:\maven\maven_repository\org\springframework\spring-webmvc\6.0.2\spring-webmvc-6.0.2.jar;E:\maven\maven_repository\org\springframework\spring-aop\6.0.2\spring-aop-6.0.2.jar;E:\maven\maven_repository\org\springframework\spring-context\6.0.2\spring-context-6.0.2.jar;E:\maven\maven_repository\org\springframework\spring-expression\6.0.2\spring-expression-6.0.2.jar;E:\maven\maven_repository\org\mybatis\spring\boot\mybatis-spring-boot-starter\3.0.0\mybatis-spring-boot-starter-3.0.0.jar;E:\maven\maven_repository\org\springframework\boot\spring-boot-starter-jdbc\3.0.0\spring-boot-starter-jdbc-3.0.0.jar;E:\maven\maven_repository\com\zaxxer\HikariCP\5.0.1\HikariCP-5.0.1.jar;E:\maven\maven_repository\org\springframework\spring-jdbc\6.0.2\spring-jdbc-6.0.2.jar;E:\maven\maven_repository\org\springframework\spring-tx\6.0.2\spring-tx-6.0.2.jar;E:\maven\maven_repository\org\mybatis\spring\boot\mybatis-spring-boot-autoconfigure\3.0.0\mybatis-spring-boot-autoconfigure-3.0.0.jar;E:\maven\maven_repository\org\mybatis\mybatis\3.5.11\mybatis-3.5.11.jar;E:\maven\maven_repository\org\mybatis\mybatis-spring\3.0.0\mybatis-spring-3.0.0.jar;E:\maven\maven_repository\com\mysql\mysql-connector-j\8.0.31\mysql-connector-j-8.0.31.jar;E:\maven\maven_repository\org\projectlombok\lombok\1.18.24\lombok-1.18.24.jar;E:\maven\maven_repository\cn\hutool\hutool-all\5.8.0\hutool-all-5.8.0.jar;E:\maven\maven_repository\com\github\pagehelper\pagehelper-spring-boot-starter\1.4.6\pagehelper-spring-boot-starter-1.4.6.jar;E:\maven\maven_repository\com\github\pagehelper\pagehelper-spring-boot-autoconfigure\1.4.6\pagehelper-spring-boot-autoconfigure-1.4.6.jar;E:\maven\maven_repository\com\github\pagehelper\pagehelper\5.3.2\pagehelper-5.3.2.jar;E:\maven\maven_repository\com\github\jsqlparser\jsqlparser\4.5\jsqlparser-4.5.jar;E:\maven\maven_repository\org\springframework\boot\spring-boot-starter-test\3.0.0\spring-boot-starter-test-3.0.0.jar;E:\maven\maven_repository\org\springframework\boot\spring-boot-test\3.0.0\spring-boot-test-3.0.0.jar;E:\maven\maven_repository\org\springframework\boot\spring-boot-test-autoconfigure\3.0.0\spring-boot-test-autoconfigure-3.0.0.jar;E:\maven\maven_repository\com\jayway\jsonpath\json-path\2.7.0\json-path-2.7.0.jar;E:\maven\maven_repository\net\minidev\json-smart\2.4.8\json-smart-2.4.8.jar;E:\maven\maven_repository\net\minidev\accessors-smart\2.4.8\accessors-smart-2.4.8.jar;E:\maven\maven_repository\org\ow2\asm\asm\9.1\asm-9.1.jar;E:\maven\maven_repository\org\slf4j\slf4j-api\2.0.4\slf4j-api-2.0.4.jar;E:\maven\maven_repository\jakarta\xml\bind\jakarta.xml.bind-api\4.0.0\jakarta.xml.bind-api-4.0.0.jar;E:\maven\maven_repository\jakarta\activation\jakarta.activation-api\2.1.0\jakarta.activation-api-2.1.0.jar;E:\maven\maven_repository\org\assertj\assertj-core\3.23.1\assertj-core-3.23.1.jar;E:\maven\maven_repository\net\bytebuddy\byte-buddy\1.12.19\byte-buddy-1.12.19.jar;E:\maven\maven_repository\org\hamcrest\hamcrest\2.2\hamcrest-2.2.jar;E:\maven\maven_repository\org\junit\jupiter\junit-jupiter\5.9.1\junit-jupiter-5.9.1.jar;E:\maven\maven_repository\org\junit\jupiter\junit-jupiter-api\5.9.1\junit-jupiter-api-5.9.1.jar;E:\maven\maven_repository\org\opentest4j\opentest4j\1.2.0\opentest4j-1.2.0.jar;E:\maven\maven_repository\org\junit\platform\junit-platform-commons\1.9.1\junit-platform-commons-1.9.1.jar;E:\maven\maven_repository\org\apiguardian\apiguardian-api\1.1.2\apiguardian-api-1.1.2.jar;E:\maven\maven_repository\org\junit\jupiter\junit-jupiter-params\5.9.1\junit-jupiter-params-5.9.1.jar;E:\maven\maven_repository\org\junit\jupiter\junit-jupiter-engine\5.9.1\junit-jupiter-engine-5.9.1.jar;E:\maven\maven_repository\org\junit\platform\junit-platform-engine\1.9.1\junit-platform-engine-1.9.1.jar;E:\maven\maven_repository\org\mockito\mockito-core\4.8.1\mockito-core-4.8.1.jar;E:\maven\maven_repository\net\bytebuddy\byte-buddy-agent\1.12.19\byte-buddy-agent-1.12.19.jar;E:\maven\maven_repository\org\objenesis\objenesis\3.2\objenesis-3.2.jar;E:\maven\maven_repository\org\mockito\mockito-junit-jupiter\4.8.1\mockito-junit-jupiter-4.8.1.jar;E:\maven\maven_repository\org\skyscreamer\jsonassert\1.5.1\jsonassert-1.5.1.jar;E:\maven\maven_repository\com\vaadin\external\google\android-json\0.0.20131108.vaadin1\android-json-0.0.20131108.vaadin1.jar;E:\maven\maven_repository\org\springframework\spring-core\6.0.2\spring-core-6.0.2.jar;E:\maven\maven_repository\org\springframework\spring-jcl\6.0.2\spring-jcl-6.0.2.jar;E:\maven\maven_repository\org\springframework\spring-test\6.0.2\spring-test-6.0.2.jar;E:\maven\maven_repository\org\xmlunit\xmlunit-core\2.9.0\xmlunit-core-2.9.0.jar;"/>
    <property name="sun.cpu.endian" value="little"/>
    <property name="user.home" value="C:\Users\仇李航"/>
    <property name="user.language" value="zh"/>
    <property name="java.specification.vendor" value="Oracle Corporation"/>
    <property name="java.version.date" value="2022-10-18"/>
    <property name="java.home" value="D:\Software\JDK17"/>
    <property name="file.separator" value="\"/>
    <property name="basedir" value="D:\JavaDemo\Library\springboot"/>
    <property name="java.vm.compressedOopsMode" value="Zero based"/>
    <property name="line.separator" value="&#10;"/>
    <property name="java.vm.specification.vendor" value="Oracle Corporation"/>
    <property name="java.specification.name" value="Java Platform API Specification"/>
    <property name="surefire.real.class.path" value="C:\Users\仇李航\AppData\Local\Temp\surefire17553366134621556366\surefirebooter13274406157701245890.jar"/>
    <property name="user.script" value=""/>
    <property name="sun.management.compiler" value="HotSpot 64-Bit Tiered Compilers"/>
    <property name="java.runtime.version" value="17.0.5+9-LTS-191"/>
    <property name="user.name" value="仇李航"/>
    <property name="path.separator" value=";"/>
    <property name="os.version" value="10.0"/>
    <property name="java.runtime.name" value="Java(TM) SE Runtime Environment"/>
    <property name="file.encoding" value="GBK"/>
    <property name="java.vm.name" value="Java HotSpot(TM) 64-Bit Server VM"/>
    <property name="localRepository" value="E:\maven\maven_repository"/>
    <property name="java.vendor.url.bug" value="https://bugreport.java.com/bugreport/"/>
    <property name="java.io.tmpdir" value="C:\Users\仇李航\AppData\Local\Temp\"/>
    <property name="idea.version" value="2022.1"/>
    <property name="java.version" value="17.0.5"/>
    <property name="user.dir" value="D:\JavaDemo\Library\springboot"/>
    <property name="os.arch" value="amd64"/>
    <property name="java.vm.specification.name" value="Java Virtual Machine Specification"/>
    <property name="sun.os.patch.level" value=""/>
    <property name="native.encoding" value="GBK"/>
    <property name="java.library.path" value="D:\Software\JDK17\bin;C:\Windows\Sun\Java\bin;C:\Windows\system32;C:\Windows;C:\Program Files\Common Files\Oracle\Java\javapath;C:\Program Files (x86)\Common Files\Oracle\Java\javapath;C:\Windows\system32;C:\Windows;C:\Windows\System32\Wbem;C:\Windows\System32\WindowsPowerShell\v1.0\;C:\Windows\System32\OpenSSH\;C:\Program Files (x86)\NVIDIA Corporation\PhysX\Common;C:\Program Files\NVIDIA Corporation\NVIDIA NvDLISR;C:\Windows\system32;C:\Windows;C:\Windows\System32\Wbem;C:\Windows\System32\WindowsPowerShell\v1.0\;C:\Windows\System32\OpenSSH\;E:\WeChatDevelop\微信web开发者工具\dll;%JAVA_;OME%\bin;D:\Software\VScode\Microsoft VS Code\bin;D:\Software\git\Git\cmd;D:\Software\NodeJs\;D:\Software\Xshell\;C:\Program Files\MySQL\MySQL Server 8.0\bin;D:\Software\Maven\apache-maven-3.6.3\bin;C:\Users\仇李航\AppData\Local\Microsoft\WindowsApps;C:\Users\仇李航\AppData\Roaming\npm;D:\Software\MinGW\bin;;."/>
    <property name="java.vm.info" value="mixed mode, sharing"/>
    <property name="java.vendor" value="Oracle Corporation"/>
    <property name="java.vm.version" value="17.0.5+9-LTS-191"/>
    <property name="sun.io.unicode.encoding" value="UnicodeLittle"/>
    <property name="maven.repo.local" value="E:\maven\maven_repository"/>
    <property name="java.class.version" value="61.0"/>
  </properties>
  <testcase name="contextLoads" classname="com.example.springboot.SpringbootApplicationTests" time="0.858"/>
</testsuite>